C51 COMPILER V9.59.0.0   SBUF                                                              07/09/2022 09:51:53 PAGE 1   


C51 COMPILER V9.59.0.0, COMPILATION OF MODULE SBUF
OBJECT MODULE PLACED IN .\Objects\sbuf.obj
COMPILER INVOKED BY: E:\enviroment\Keiil5\C51\BIN\C51.EXE sbuf.c OPTIMIZE(8,SPEED) BROWSE DEBUG OBJECTEXTEND PRINT(.\Lis
                    -tings\sbuf.lst) TABS(2) OBJECT(.\Objects\sbuf.obj)

line level    source

   1          #ifndef __STC15_H__
   2          #define __STC15_H__
   3          #include <reg52.h>
   4          #include <absacc.h>
   5          #define uint unsigned int //??typedef unsigned int uint;
   6          #define uchar unsigned char
   7          uchar date;
   8          uchar recFlag; //??????,0 ????? 1 ????
   9          void init_serial();
  10          void send();
  11          void receive();
  12          main()
  13          {
  14   1      init_serial();
  15   1      IE=0; //????
  16   1      while(1)
  17   1      {
  18   2      receive(); send();
  19   2      }
  20   1      }
  21          void init_serial() //?????
  22          {
  23   1      TMOD=0x20; //???T1??????2
  24   1      TL1=250; //????
  25   1      TH1=250;
  26   1      TR1=1; //????
  27   1      PCON=0x80; //SMOD=1;
  28   1      SCON=0x50; //????1,???9600bit/s,????
  29   1      TI=1;
  30   1      }
  31          void send()
  32          {
  33   1      if(TI==1) //??????READY
  34   1      {
  35   2      if(recFlag==1) //???????
  36   2      {
  37   3      SBUF=date; //????
  38   3      recFlag=0;
  39   3      TI=0;
  40   3      }
  41   2      }
  42   1      }
  43          void receive()
  44          {
  45   1      if(RI==1) //?????????
  46   1      {
  47   2      date=SBUF; //????
  48   2      recFlag=1; //???????
  49   2      RI=0;
  50   2      }
  51   1      }
*** WARNING C316 IN LINE 51 OF sbuf.c: unterminated conditionals


C51 COMPILER V9.59.0.0   SBUF                                                              07/09/2022 09:51:53 PAGE 2   

MODULE INFORMATION:   STATIC OVERLAYABLE
   CODE SIZE        =     63    ----
   CONSTANT SIZE    =   ----    ----
   XDATA SIZE       =   ----    ----
   PDATA SIZE       =   ----    ----
   DATA SIZE        =      2    ----
   IDATA SIZE       =   ----    ----
   BIT SIZE         =   ----    ----
END OF MODULE INFORMATION.


C51 COMPILATION COMPLETE.  1 WARNING(S),  0 ERROR(S)
